<?xml version="1.0" encoding="UTF-8"?>
<!-- Generated by org.testng.reporters.JUnitXMLReporter -->
<testsuite ignored="13" hostname="SANKET" failures="0" tests="1" name="Default test" time="2.202" errors="0" timestamp="2022-12-16T20:23:28 IST">
  <testcase classname="com.bridgelabz.json.Restassured_Json_Test" name="delete_Posts" time="2.146"/>
  <testcase classname="com.bridgelabz.json.Restassured_Json_Test" name="get_Profile" time="0.0">
    <ignored/>
  </testcase> <!-- get_Profile -->
  <testcase classname="com.bridgelabz.json.Restassured_Json_Test" name="full_Update_Comments" time="0.0">
    <ignored/>
  </testcase> <!-- full_Update_Comments -->
  <testcase classname="com.bridgelabz.json.Restassured_Json_Test" name="get_Comment" time="0.0">
    <ignored/>
  </testcase> <!-- get_Comment -->
  <testcase classname="com.bridgelabz.json.Restassured_Json_Test" name="create_Profile" time="0.0">
    <ignored/>
  </testcase> <!-- create_Profile -->
  <testcase classname="com.bridgelabz.json.Restassured_Json_Test" name="delete_Comments" time="0.0">
    <ignored/>
  </testcase> <!-- delete_Comments -->
  <testcase classname="com.bridgelabz.json.Restassured_Json_Test" name="full_Update_Posts" time="0.0">
    <ignored/>
  </testcase> <!-- full_Update_Posts -->
  <testcase classname="com.bridgelabz.json.Restassured_Json_Test" name="update_Comments" time="0.0">
    <ignored/>
  </testcase> <!-- update_Comments -->
  <testcase classname="com.bridgelabz.json.Restassured_Json_Test" name="upadte_Profile" time="0.0">
    <ignored/>
  </testcase> <!-- upadte_Profile -->
  <testcase classname="com.bridgelabz.json.Restassured_Json_Test" name="full_Update_Profile" time="0.0">
    <ignored/>
  </testcase> <!-- full_Update_Profile -->
  <testcase classname="com.bridgelabz.json.Restassured_Json_Test" name="update_Posts" time="0.0">
    <ignored/>
  </testcase> <!-- update_Posts -->
  <testcase classname="com.bridgelabz.json.Restassured_Json_Test" name="create_Post_WhenSucess" time="0.0">
    <ignored/>
  </testcase> <!-- create_Post_WhenSucess -->
  <testcase classname="com.bridgelabz.json.Restassured_Json_Test" name="get_posts" time="0.0">
    <ignored/>
  </testcase> <!-- get_posts -->
  <testcase classname="com.bridgelabz.json.Restassured_Json_Test" name="create_Comments" time="0.0">
    <ignored/>
  </testcase> <!-- create_Comments -->
</testsuite> <!-- Default test -->
