<?xml version="1.0" encoding="UTF-8"?>
<testng-results ignored="13" total="14" passed="1" failed="0" skipped="0">
  <reporter-output>
  </reporter-output>
  <suite started-at="2022-12-16T20:23:26 IST" name="Default suite" finished-at="2022-12-16T20:23:28 IST" duration-ms="2202">
    <groups>
    </groups>
    <test started-at="2022-12-16T20:23:26 IST" name="Default test" finished-at="2022-12-16T20:23:28 IST" duration-ms="2202">
      <class name="com.bridgelabz.json.Restassured_Json_Test">
        <test-method signature="delete_Posts()[pri:0, instance:com.bridgelabz.json.Restassured_Json_Test@79b06cab]" started-at="2022-12-16T20:23:26 IST" name="delete_Posts" finished-at="2022-12-16T20:23:28 IST" duration-ms="2146" status="PASS">
          <reporter-output>
          </reporter-output>
        </test-method> <!-- delete_Posts -->
      </class> <!-- com.bridgelabz.json.Restassured_Json_Test -->
    </test> <!-- Default test -->
  </suite> <!-- Default suite -->
</testng-results>
